<?xml version="1.0" encoding="UTF-8"?>
<!-- Generated by org.testng.reporters.JUnitReportReporter -->
<testsuite hostname="LTIN192698" failures="0" tests="6" name="testCase.TC_Display_Bookshelves" time="46.842" errors="0" timestamp="2024-02-28T16:44:45 IST" skipped="0">
  <testcase classname="testCase.TC_Display_Bookshelves" name="search_Bookshelves" time="7.227"/>
  <system-out/>
  <testcase classname="testCase.TC_Display_Bookshelves" name="select_filters" time="8.549"/>
  <system-out/>
  <testcase classname="testCase.TC_Display_Bookshelves" name="display_data" time="3.013"/>
  <system-out/>
  <testcase classname="testCase.TC_Display_Bookshelves" name="menu_items" time="13.680"/>
  <system-out/>
  <testcase classname="testCase.TC_Display_Bookshelves" name="gift_card" time="5.585"/>
  <system-out/>
  <testcase classname="testCase.TC_Display_Bookshelves" name="fill_address" time="8.788"/>
  <system-out/>
</testsuite> <!-- testCase.TC_Display_Bookshelves -->
